
> readiness.wearelevel.ai-v2@0.1.0 dev
> next dev

   ▲ Next.js 14.1.0
   - Local:        http://localhost:3000
   - Environments: .env.local

 ✓ Ready in 1063ms
 ○ Compiling / ...
 ✓ Compiled / in 1047ms (631 modules)
 ✓ Compiled in 176ms (306 modules)
 ✓ Compiled in 185ms (631 modules)
 ✓ Compiled in 213ms (631 modules)
 ✓ Compiled in 184ms (631 modules)
 ✓ Compiled in 124ms (631 modules)
 ✓ Compiled in 112ms (631 modules)
 ✓ Compiled in 104ms (631 modules)
 ✓ Compiled in 164ms (631 modules)
 ✓ Compiled in 538ms (666 modules)
 ✓ Compiled in 116ms (666 modules)
 ✓ Compiled in 152ms (666 modules)
 ✓ Compiled in 116ms (666 modules)
 ⚠ Fast Refresh had to perform a full reload due to a runtime error.
 ✓ Compiled in 157ms (666 modules)
 ✓ Compiled in 113ms (666 modules)
 ✓ Compiled in 186ms (666 modules)
 ✓ Compiled in 223ms (666 modules)
 ✓ Compiled in 160ms (666 modules)
 ✓ Compiled in 204ms (666 modules)
 ✓ Compiled in 167ms (666 modules)
 ✓ Compiled in 148ms (666 modules)
 ✓ Compiled in 158ms (666 modules)
 ✓ Compiled in 106ms (666 modules)
 ✓ Compiled in 115ms (666 modules)
 ✓ Compiled in 159ms (666 modules)
 ✓ Compiled in 197ms (666 modules)
 ✓ Compiled in 109ms (666 modules)
 ✓ Compiled in 106ms (666 modules)
 ✓ Compiled in 143ms (666 modules)
 ✓ Compiled in 167ms (666 modules)
 ✓ Compiled in 149ms (666 modules)
 ✓ Compiled in 102ms (666 modules)
 ✓ Compiled in 113ms (666 modules)
 ✓ Compiled in 111ms (666 modules)
 ✓ Compiled in 165ms (666 modules)
 ✓ Compiled in 62ms (343 modules)
 ✓ Compiled in 104ms (323 modules)
 ✓ Compiled in 1426ms (950 modules)
 ✓ Compiled in 206ms (950 modules)
 ✓ Compiled in 76ms (472 modules)
 ✓ Compiled in 63ms (472 modules)
 ✓ Compiled in 60ms (936 modules)
 ✓ Compiled in 142ms (950 modules)
 ✓ Compiled in 161ms (950 modules)
 ✓ Compiled /api/send-report in 192ms (500 modules)
Error sending email: Error: MailerLite API key not configured
    at sendMailerLiteEmail (webpack-internal:///(rsc)/./app/api/send-report/route.js:49:15)
    at POST (webpack-internal:///(rsc)/./app/api/send-report/route.js:13:19)
    at process.processTicksAndRejections (node:internal/process/task_queues:95:5)
    at async /Users/sim0nall3n/Documents/GitHub/readiness.wearelevel.ai-v2/node_modules/next/dist/compiled/next-server/app-route.runtime.dev.js:6:63809
    at async eU.execute (/Users/sim0nall3n/Documents/GitHub/readiness.wearelevel.ai-v2/node_modules/next/dist/compiled/next-server/app-route.runtime.dev.js:6:53964)
    at async eU.handle (/Users/sim0nall3n/Documents/GitHub/readiness.wearelevel.ai-v2/node_modules/next/dist/compiled/next-server/app-route.runtime.dev.js:6:65062)
    at async doRender (/Users/sim0nall3n/Documents/GitHub/readiness.wearelevel.ai-v2/node_modules/next/dist/server/base-server.js:1333:42)
    at async cacheEntry.responseCache.get.routeKind (/Users/sim0nall3n/Documents/GitHub/readiness.wearelevel.ai-v2/node_modules/next/dist/server/base-server.js:1555:28)
    at async DevServer.renderToResponseWithComponentsImpl (/Users/sim0nall3n/Documents/GitHub/readiness.wearelevel.ai-v2/node_modules/next/dist/server/base-server.js:1463:28)
    at async DevServer.renderPageComponent (/Users/sim0nall3n/Documents/GitHub/readiness.wearelevel.ai-v2/node_modules/next/dist/server/base-server.js:1856:24)
    at async DevServer.renderToResponseImpl (/Users/sim0nall3n/Documents/GitHub/readiness.wearelevel.ai-v2/node_modules/next/dist/server/base-server.js:1894:32)
    at async DevServer.pipeImpl (/Users/sim0nall3n/Documents/GitHub/readiness.wearelevel.ai-v2/node_modules/next/dist/server/base-server.js:911:25)
    at async NextNodeServer.handleCatchallRenderRequest (/Users/sim0nall3n/Documents/GitHub/readiness.wearelevel.ai-v2/node_modules/next/dist/server/next-server.js:271:17)
    at async DevServer.handleRequestImpl (/Users/sim0nall3n/Documents/GitHub/readiness.wearelevel.ai-v2/node_modules/next/dist/server/base-server.js:807:17)
    at async /Users/sim0nall3n/Documents/GitHub/readiness.wearelevel.ai-v2/node_modules/next/dist/server/dev/next-dev-server.js:331:20
    at async Span.traceAsyncFn (/Users/sim0nall3n/Documents/GitHub/readiness.wearelevel.ai-v2/node_modules/next/dist/trace/trace.js:151:20)
    at async DevServer.handleRequest (/Users/sim0nall3n/Documents/GitHub/readiness.wearelevel.ai-v2/node_modules/next/dist/server/dev/next-dev-server.js:328:24)
    at async invokeRender (/Users/sim0nall3n/Documents/GitHub/readiness.wearelevel.ai-v2/node_modules/next/dist/server/lib/router-server.js:163:21)
    at async handleRequest (/Users/sim0nall3n/Documents/GitHub/readiness.wearelevel.ai-v2/node_modules/next/dist/server/lib/router-server.js:342:24)
    at async requestHandlerImpl (/Users/sim0nall3n/Documents/GitHub/readiness.wearelevel.ai-v2/node_modules/next/dist/server/lib/router-server.js:366:13)
    at async Server.requestListener (/Users/sim0nall3n/Documents/GitHub/readiness.wearelevel.ai-v2/node_modules/next/dist/server/lib/start-server.js:140:13)
 ✓ Compiled in 278ms (950 modules)
 ✓ Compiled in 142ms (950 modules)
 ✓ Compiled in 115ms (950 modules)
 ✓ Compiled in 260ms (950 modules)
 ✓ Compiled in 157ms (950 modules)
 ✓ Compiled in 128ms (950 modules)
 ✓ Compiled in 152ms (950 modules)
 ✓ Compiled in 136ms (950 modules)
 ✓ Compiled in 151ms (950 modules)
 ✓ Compiled in 228ms (950 modules)
 ✓ Compiled in 138ms (950 modules)
 ✓ Compiled in 145ms (950 modules)
 ✓ Compiled in 162ms (950 modules)
 ✓ Compiled in 179ms (950 modules)
 ✓ Compiled in 216ms (950 modules)
 ✓ Compiled /api/send-report in 103ms (500 modules)
Error sending email: Error: MailerLite API key not configured
    at sendMailerLiteEmail (webpack-internal:///(rsc)/./app/api/send-report/route.js:49:15)
    at POST (webpack-internal:///(rsc)/./app/api/send-report/route.js:13:19)
    at process.processTicksAndRejections (node:internal/process/task_queues:95:5)
    at async /Users/sim0nall3n/Documents/GitHub/readiness.wearelevel.ai-v2/node_modules/next/dist/compiled/next-server/app-route.runtime.dev.js:6:63809
    at async eU.execute (/Users/sim0nall3n/Documents/GitHub/readiness.wearelevel.ai-v2/node_modules/next/dist/compiled/next-server/app-route.runtime.dev.js:6:53964)
    at async eU.handle (/Users/sim0nall3n/Documents/GitHub/readiness.wearelevel.ai-v2/node_modules/next/dist/compiled/next-server/app-route.runtime.dev.js:6:65062)
    at async doRender (/Users/sim0nall3n/Documents/GitHub/readiness.wearelevel.ai-v2/node_modules/next/dist/server/base-server.js:1333:42)
    at async cacheEntry.responseCache.get.routeKind (/Users/sim0nall3n/Documents/GitHub/readiness.wearelevel.ai-v2/node_modules/next/dist/server/base-server.js:1555:28)
    at async DevServer.renderToResponseWithComponentsImpl (/Users/sim0nall3n/Documents/GitHub/readiness.wearelevel.ai-v2/node_modules/next/dist/server/base-server.js:1463:28)
    at async DevServer.renderPageComponent (/Users/sim0nall3n/Documents/GitHub/readiness.wearelevel.ai-v2/node_modules/next/dist/server/base-server.js:1856:24)
    at async DevServer.renderToResponseImpl (/Users/sim0nall3n/Documents/GitHub/readiness.wearelevel.ai-v2/node_modules/next/dist/server/base-server.js:1894:32)
    at async DevServer.pipeImpl (/Users/sim0nall3n/Documents/GitHub/readiness.wearelevel.ai-v2/node_modules/next/dist/server/base-server.js:911:25)
    at async NextNodeServer.handleCatchallRenderRequest (/Users/sim0nall3n/Documents/GitHub/readiness.wearelevel.ai-v2/node_modules/next/dist/server/next-server.js:271:17)
    at async DevServer.handleRequestImpl (/Users/sim0nall3n/Documents/GitHub/readiness.wearelevel.ai-v2/node_modules/next/dist/server/base-server.js:807:17)
    at async /Users/sim0nall3n/Documents/GitHub/readiness.wearelevel.ai-v2/node_modules/next/dist/server/dev/next-dev-server.js:331:20
    at async Span.traceAsyncFn (/Users/sim0nall3n/Documents/GitHub/readiness.wearelevel.ai-v2/node_modules/next/dist/trace/trace.js:151:20)
    at async DevServer.handleRequest (/Users/sim0nall3n/Documents/GitHub/readiness.wearelevel.ai-v2/node_modules/next/dist/server/dev/next-dev-server.js:328:24)
    at async invokeRender (/Users/sim0nall3n/Documents/GitHub/readiness.wearelevel.ai-v2/node_modules/next/dist/server/lib/router-server.js:163:21)
    at async handleRequest (/Users/sim0nall3n/Documents/GitHub/readiness.wearelevel.ai-v2/node_modules/next/dist/server/lib/router-server.js:342:24)
    at async requestHandlerImpl (/Users/sim0nall3n/Documents/GitHub/readiness.wearelevel.ai-v2/node_modules/next/dist/server/lib/router-server.js:366:13)
    at async Server.requestListener (/Users/sim0nall3n/Documents/GitHub/readiness.wearelevel.ai-v2/node_modules/next/dist/server/lib/start-server.js:140:13)
 ✓ Compiled in 152ms (472 modules)
 ✓ Compiled in 94ms (472 modules)
 ✓ Compiled in 430ms (962 modules)
 ✓ Compiled in 187ms (962 modules)
 ✓ Compiled in 146ms (962 modules)
 ✓ Compiled in 165ms (962 modules)
 ✓ Compiled in 149ms (962 modules)
 ✓ Compiled in 168ms (962 modules)
 ✓ Compiled in 122ms (962 modules)
 ✓ Compiled in 185ms (962 modules)
[?25h
